<?xml version="1.0" encoding="utf-8"?><testsuites name="pytest tests"><testsuite name="pytest" errors="0" failures="0" skipped="0" tests="29" time="28.536" timestamp="2026-06-24T01:14:51.636811+00:00" hostname="agent-env-a680579d-fa95-4777-939e-deff96f860c3"><testcase classname="backend.tests.backend_test.TestAuth" name="test_admin_login" time="0.374" /><testcase classname="backend.tests.backend_test.TestAuth" name="test_login_sets_httponly_cookies" time="0.370" /><testcase classname="backend.tests.backend_test.TestAuth" name="test_login_invalid_password" time="0.323" /><testcase classname="backend.tests.backend_test.TestAuth" name="test_me_endpoint" time="0.396" /><testcase classname="backend.tests.backend_test.TestAuth" name="test_register_new_user" time="0.376" /><testcase classname="backend.tests.backend_test.TestAuth" name="test_unauthenticated_request_blocked" time="0.103" /><testcase classname="backend.tests.backend_test.TestSampleAndDashboard" name="test_load_sample_data" time="0.121" /><testcase classname="backend.tests.backend_test.TestSampleAndDashboard" name="test_dashboard_summary" time="0.062" /><testcase classname="backend.tests.backend_test.TestTransactions" name="test_list_transactions" time="0.080" /><testcase classname="backend.tests.backend_test.TestTransactions" name="test_filter_by_type" time="0.051" /><testcase classname="backend.tests.backend_test.TestTransactions" name="test_add_and_delete_transaction" time="0.286" /><testcase classname="backend.tests.backend_test.TestTransactions" name="test_delete_nonexistent_returns_404" time="0.044" /><testcase classname="backend.tests.backend_test.TestUpload" name="test_upload_csv" time="0.116" /><testcase classname="backend.tests.backend_test.TestAI" name="test_ai_analyze_and_alerts" time="21.847" /><testcase classname="backend.tests.backend_test.TestAI" name="test_mark_alert_read" time="0.090" /><testcase classname="backend.tests.backend_test.TestEncryption" name="test_encrypted_storage_in_db" time="0.131" /><testcase classname="backend.tests.backend_test.TestClearData" name="test_clear_data_endpoint" time="0.250" /><testcase classname="backend.tests.test_accounting.TestAccounts" name="test_default_accounts_seeded" time="0.560" /><testcase classname="backend.tests.test_accounting.TestAccounts" name="test_create_and_delete_custom_account" time="0.112" /><testcase classname="backend.tests.test_accounting.TestAccounts" name="test_cannot_delete_system_account" time="0.111" /><testcase classname="backend.tests.test_accounting.TestContacts" name="test_create_customer_and_vendor_and_filter" time="0.217" /><testcase classname="backend.tests.test_accounting.TestContacts" name="test_invalid_contact_type" time="0.047" /><testcase classname="backend.tests.test_accounting.TestJournal" name="test_balanced_journal_posts" time="0.101" /><testcase classname="backend.tests.test_accounting.TestJournal" name="test_unbalanced_journal_rejected" time="0.114" /><testcase classname="backend.tests.test_accounting.TestInvoicesAndReports" name="test_create_sent_invoice_posts_journal" time="0.895" /><testcase classname="backend.tests.test_accounting.TestInvoicesAndReports" name="test_reports_after_invoice" time="0.176" /><testcase classname="backend.tests.test_accounting.TestInvoicesAndReports" name="test_stripe_checkout_returns_url" time="0.449" /><testcase classname="backend.tests.test_accounting.TestInvoicesAndReports" name="test_payment_status_endpoint" time="0.290" /><testcase classname="backend.tests.test_accounting.TestInvoicesAndReports" name="test_mark_paid_posts_payment_journal" time="0.354" /></testsuite></testsuites>