<?xml version="1.0" encoding="utf-8"?><testsuites name="pytest tests"><testsuite name="pytest" errors="0" failures="0" skipped="0" tests="7" time="8.976" timestamp="2026-06-24T00:40:13.888930+00:00" hostname="agent-env-a680579d-fa95-4777-939e-deff96f860c3"><testcase classname="backend.tests.test_plaid.TestPlaidLinkToken" name="test_create_link_token" time="0.895" /><testcase classname="backend.tests.test_plaid.TestPlaidLinkToken" name="test_unauthenticated_blocked" time="0.136" /><testcase classname="backend.tests.test_plaid.TestPlaidExchangeAndSync" name="test_exchange_sync_full_flow" time="7.401" /><testcase classname="backend.tests.test_plaid.TestPlaidExchangeAndSync" name="test_status_does_not_leak_access_token" time="0.050" /><testcase classname="backend.tests.test_plaid.TestPlaidExchangeAndSync" name="test_encrypted_storage_for_plaid_txns" time="0.121" /><testcase classname="backend.tests.test_plaid.TestPlaidDisconnect" name="test_disconnect_removes_item_and_txns" time="0.242" /><testcase classname="backend.tests.test_plaid.TestPlaidDisconnect" name="test_sync_with_no_items_returns_400" time="0.049" /></testsuite></testsuites>