<?xml version="1.0" encoding="utf-8"?><testsuites name="pytest tests"><testsuite name="pytest" errors="0" failures="0" skipped="0" tests="11" time="4.356" timestamp="2026-06-24T01:14:42.902318+00:00" hostname="agent-env-a680579d-fa95-4777-939e-deff96f860c3"><testcase classname="backend.tests.test_reconciliation_invoice.TestReconciliation" name="test_summary_shape" time="0.560" /><testcase classname="backend.tests.test_reconciliation_invoice.TestReconciliation" name="test_list_unreconciled_has_suggestions_and_accounts" time="0.101" /><testcase classname="backend.tests.test_reconciliation_invoice.TestReconciliation" name="test_reconciled_list_initially_empty" time="0.051" /><testcase classname="backend.tests.test_reconciliation_invoice.TestReconciliation" name="test_post_creates_balanced_journal_and_increments" time="0.327" /><testcase classname="backend.tests.test_reconciliation_invoice.TestReconciliation" name="test_post_bulk" time="0.253" /><testcase classname="backend.tests.test_reconciliation_invoice.TestReconciliation" name="test_reports_still_balance_after_reconciliation" time="0.098" /><testcase classname="backend.tests.test_reconciliation_invoice.TestReconciliation" name="test_post_invalid_account_rejected" time="0.127" /><testcase classname="backend.tests.test_reconciliation_invoice.TestInvoicePDF" name="test_pdf_endpoint_returns_pdf" time="0.531" /><testcase classname="backend.tests.test_reconciliation_invoice.TestInvoicePDF" name="test_pdf_unknown_invoice_404" time="0.559" /><testcase classname="backend.tests.test_reconciliation_invoice.TestInvoiceEmail" name="test_email_success_to_owner" time="0.957" /><testcase classname="backend.tests.test_reconciliation_invoice.TestInvoiceEmail" name="test_email_to_non_owner_returns_500" time="0.703" /></testsuite></testsuites>