<?xml version="1.0" encoding="utf-8"?><testsuites name="pytest tests"><testsuite name="pytest" errors="0" failures="0" skipped="0" tests="12" time="3.036" timestamp="2026-06-24T00:18:40.854892+00:00" hostname="agent-env-a680579d-fa95-4777-939e-deff96f860c3"><testcase classname="backend.tests.test_accounting.TestAccounts" name="test_default_accounts_seeded" time="0.469" /><testcase classname="backend.tests.test_accounting.TestAccounts" name="test_create_and_delete_custom_account" time="0.104" /><testcase classname="backend.tests.test_accounting.TestAccounts" name="test_cannot_delete_system_account" time="0.102" /><testcase classname="backend.tests.test_accounting.TestContacts" name="test_create_customer_and_vendor_and_filter" time="0.205" /><testcase classname="backend.tests.test_accounting.TestContacts" name="test_invalid_contact_type" time="0.051" /><testcase classname="backend.tests.test_accounting.TestJournal" name="test_balanced_journal_posts" time="0.102" /><testcase classname="backend.tests.test_accounting.TestJournal" name="test_unbalanced_journal_rejected" time="0.096" /><testcase classname="backend.tests.test_accounting.TestInvoicesAndReports" name="test_create_sent_invoice_posts_journal" time="0.579" /><testcase classname="backend.tests.test_accounting.TestInvoicesAndReports" name="test_reports_after_invoice" time="0.148" /><testcase classname="backend.tests.test_accounting.TestInvoicesAndReports" name="test_stripe_checkout_returns_url" time="0.539" /><testcase classname="backend.tests.test_accounting.TestInvoicesAndReports" name="test_payment_status_endpoint" time="0.290" /><testcase classname="backend.tests.test_accounting.TestInvoicesAndReports" name="test_mark_paid_posts_payment_journal" time="0.260" /></testsuite></testsuites>