<?xml version="1.0" encoding="utf-8"?><testsuites name="pytest tests"><testsuite name="pytest" errors="0" failures="0" skipped="0" tests="17" time="26.370" timestamp="2026-06-23T23:36:17.618748+00:00" hostname="agent-env-a680579d-fa95-4777-939e-deff96f860c3"><testcase classname="backend.tests.backend_test.TestAuth" name="test_admin_login" time="0.411" /><testcase classname="backend.tests.backend_test.TestAuth" name="test_login_sets_httponly_cookies" time="0.424" /><testcase classname="backend.tests.backend_test.TestAuth" name="test_login_invalid_password" time="0.328" /><testcase classname="backend.tests.backend_test.TestAuth" name="test_me_endpoint" time="0.396" /><testcase classname="backend.tests.backend_test.TestAuth" name="test_register_new_user" time="0.419" /><testcase classname="backend.tests.backend_test.TestAuth" name="test_unauthenticated_request_blocked" time="0.104" /><testcase classname="backend.tests.backend_test.TestSampleAndDashboard" name="test_load_sample_data" time="0.133" /><testcase classname="backend.tests.backend_test.TestSampleAndDashboard" name="test_dashboard_summary" time="0.068" /><testcase classname="backend.tests.backend_test.TestTransactions" name="test_list_transactions" time="0.088" /><testcase classname="backend.tests.backend_test.TestTransactions" name="test_filter_by_type" time="0.055" /><testcase classname="backend.tests.backend_test.TestTransactions" name="test_add_and_delete_transaction" time="0.254" /><testcase classname="backend.tests.backend_test.TestTransactions" name="test_delete_nonexistent_returns_404" time="0.053" /><testcase classname="backend.tests.backend_test.TestUpload" name="test_upload_csv" time="0.133" /><testcase classname="backend.tests.backend_test.TestAI" name="test_ai_analyze_and_alerts" time="22.896" /><testcase classname="backend.tests.backend_test.TestAI" name="test_mark_alert_read" time="0.116" /><testcase classname="backend.tests.backend_test.TestEncryption" name="test_encrypted_storage_in_db" time="0.124" /><testcase classname="backend.tests.backend_test.TestClearData" name="test_clear_data_endpoint" time="0.266" /></testsuite></testsuites>